0 info it worked if it ends with ok
1 verbose cli [ '/usr/local/bin/node', '/usr/local/bin/npm', 'install', 'node' ]
2 info using npm@2.14.7
3 info using node@v4.2.3
4 verbose install initial load of /Users/jacobflorian/Desktop/Isa/package.json
5 warn package.json isa@1.0.0 No README data
6 verbose installManyTop reading scoped package data from /Users/jacobflorian/Desktop/Isa/node_modules/express/package.json
7 verbose installManyTop reading scoped package data from /Users/jacobflorian/Desktop/Isa/node_modules/nodemon/package.json
8 verbose readDependencies loading dependencies from /Users/jacobflorian/Desktop/Isa/package.json
9 silly cache add args [ 'node', null ]
10 verbose cache add spec node
11 silly cache add parsed spec Result {
11 silly cache add   raw: 'node',
11 silly cache add   scope: null,
11 silly cache add   name: 'node',
11 silly cache add   rawSpec: '',
11 silly cache add   spec: '*',
11 silly cache add   type: 'range' }
12 silly addNamed node@*
13 verbose addNamed "*" is a valid semver range for node
14 silly addNameRange { name: 'node', range: '*', hasData: false }
15 silly mapToRegistry name node
16 silly mapToRegistry using default registry
17 silly mapToRegistry registry https://registry.npmjs.org/
18 silly mapToRegistry uri https://registry.npmjs.org/node
19 verbose addNameRange registry:https://registry.npmjs.org/node not in flight; fetching
20 verbose get https://registry.npmjs.org/node not expired, no request
21 silly addNameRange number 2 { name: 'node', range: '*', hasData: true }
22 silly addNameRange versions [ 'node',
22 silly addNameRange   [ '0.0.0',
22 silly addNameRange     '0.1.14',
22 silly addNameRange     '0.1.15',
22 silly addNameRange     '0.1.16',
22 silly addNameRange     '0.1.17',
22 silly addNameRange     '0.1.18',
22 silly addNameRange     '0.1.19',
22 silly addNameRange     '0.1.20',
22 silly addNameRange     '0.1.21',
22 silly addNameRange     '0.1.22',
22 silly addNameRange     '0.1.23',
22 silly addNameRange     '0.1.24',
22 silly addNameRange     '0.1.25',
22 silly addNameRange     '0.1.26',
22 silly addNameRange     '0.1.27',
22 silly addNameRange     '0.1.28',
22 silly addNameRange     '0.1.29',
22 silly addNameRange     '0.1.30',
22 silly addNameRange     '0.1.31',
22 silly addNameRange     '0.1.32',
22 silly addNameRange     '0.1.33',
22 silly addNameRange     '0.1.90',
22 silly addNameRange     '0.1.91',
22 silly addNameRange     '0.1.92',
22 silly addNameRange     '0.1.93',
22 silly addNameRange     '0.1.94',
22 silly addNameRange     '0.1.95',
22 silly addNameRange     '0.1.96',
22 silly addNameRange     '0.1.97',
22 silly addNameRange     '0.1.98',
22 silly addNameRange     '0.1.99',
22 silly addNameRange     '0.1.100',
22 silly addNameRange     '0.1.101',
22 silly addNameRange     '0.1.102',
22 silly addNameRange     '0.1.103',
22 silly addNameRange     '0.1.104',
22 silly addNameRange     '0.2.0',
22 silly addNameRange     '0.2.1',
22 silly addNameRange     '0.2.2',
22 silly addNameRange     '0.2.3',
22 silly addNameRange     '0.2.4',
22 silly addNameRange     '0.2.5',
22 silly addNameRange     '0.2.6',
22 silly addNameRange     '0.3.0',
22 silly addNameRange     '0.3.1',
22 silly addNameRange     '0.3.2',
22 silly addNameRange     '0.3.3',
22 silly addNameRange     '0.3.4',
22 silly addNameRange     '0.3.5',
22 silly addNameRange     '0.3.6',
22 silly addNameRange     '0.3.7',
22 silly addNameRange     '0.3.8',
22 silly addNameRange     '0.4.0',
22 silly addNameRange     '0.4.1',
22 silly addNameRange     '0.4.2',
22 silly addNameRange     '0.4.3',
22 silly addNameRange     '0.4.4',
22 silly addNameRange     '0.4.5',
22 silly addNameRange     '0.4.6',
22 silly addNameRange     '0.4.7',
22 silly addNameRange     '0.4.8',
22 silly addNameRange     '0.4.9',
22 silly addNameRange     '0.4.10',
22 silly addNameRange     '0.4.11',
22 silly addNameRange     '0.4.12',
22 silly addNameRange     '0.5.0',
22 silly addNameRange     '0.5.1',
22 silly addNameRange     '0.5.2',
22 silly addNameRange     '0.5.3',
22 silly addNameRange     '0.5.4',
22 silly addNameRange     '0.5.5',
22 silly addNameRange     '0.5.6',
22 silly addNameRange     '0.5.7',
22 silly addNameRange     '0.5.8',
22 silly addNameRange     '0.5.9',
22 silly addNameRange     '0.5.10',
22 silly addNameRange     '0.6.0',
22 silly addNameRange     '0.6.1',
22 silly addNameRange     '0.6.2',
22 silly addNameRange     '0.6.3',
22 silly addNameRange     '0.6.4',
22 silly addNameRange     '0.6.5',
22 silly addNameRange     '0.6.6',
22 silly addNameRange     '0.6.7',
22 silly addNameRange     '0.6.8',
22 silly addNameRange     '0.6.9',
22 silly addNameRange     '0.6.10',
22 silly addNameRange     '0.6.11',
22 silly addNameRange     '0.6.12',
22 silly addNameRange     '0.6.13',
22 silly addNameRange     '0.6.14',
22 silly addNameRange     '0.6.15',
22 silly addNameRange     '0.6.16',
22 silly addNameRange     '0.6.17',
22 silly addNameRange     '0.6.18',
22 silly addNameRange     '0.6.19',
22 silly addNameRange     '0.6.20',
22 silly addNameRange     '0.6.21',
22 silly addNameRange     '0.7.0',
22 silly addNameRange     '0.7.1',
22 silly addNameRange     '0.7.2',
22 silly addNameRange     '0.7.3',
22 silly addNameRange     '0.7.4',
22 silly addNameRange     '0.7.5',
22 silly addNameRange     '0.7.6',
22 silly addNameRange     '0.7.7',
22 silly addNameRange     '0.7.8',
22 silly addNameRange     '0.7.9',
22 silly addNameRange     '0.7.10',
22 silly addNameRange     '0.7.11',
22 silly addNameRange     '0.7.12',
22 silly addNameRange     '0.8.0',
22 silly addNameRange     '0.8.1',
22 silly addNameRange     '0.8.2',
22 silly addNameRange     '0.8.3',
22 silly addNameRange     '0.8.4',
22 silly addNameRange     '0.8.5',
22 silly addNameRange     '0.8.6',
22 silly addNameRange     '0.8.7',
22 silly addNameRange     '0.8.8',
22 silly addNameRange     '0.8.9',
22 silly addNameRange     '0.8.10',
22 silly addNameRange     '0.8.11',
22 silly addNameRange     '0.8.12',
22 silly addNameRange     '0.8.13',
22 silly addNameRange     '0.8.14',
22 silly addNameRange     '0.8.15',
22 silly addNameRange     '0.8.16',
22 silly addNameRange     '0.8.17',
22 silly addNameRange     '0.8.18',
22 silly addNameRange     '0.8.19',
22 silly addNameRange     '0.8.20',
22 silly addNameRange     '0.8.21',
22 silly addNameRange     '0.8.22',
22 silly addNameRange     '0.8.23',
22 silly addNameRange     '0.8.24',
22 silly addNameRange     '0.8.25',
22 silly addNameRange     '0.8.26',
22 silly addNameRange     '0.8.27',
22 silly addNameRange     '0.8.28',
22 silly addNameRange     '0.9.0',
22 silly addNameRange     '0.9.1',
22 silly addNameRange     '0.9.2',
22 silly addNameRange     '0.9.3',
22 silly addNameRange     '0.9.4',
22 silly addNameRange     '0.9.5',
22 silly addNameRange     '0.9.6',
22 silly addNameRange     '0.9.7',
22 silly addNameRange     '0.9.8',
22 silly addNameRange     '0.9.9',
22 silly addNameRange     '0.9.10',
22 silly addNameRange     '0.9.11',
22 silly addNameRange     '0.9.12',
22 silly addNameRange     '0.10.0',
22 silly addNameRange     '0.10.1',
22 silly addNameRange     '0.10.2',
22 silly addNameRange     '0.10.3',
22 silly addNameRange     '0.10.4',
22 silly addNameRange     '0.10.5',
22 silly addNameRange     '0.10.6',
22 silly addNameRange     '0.10.7',
22 silly addNameRange     '0.10.8',
22 silly addNameRange     '0.10.9',
22 silly addNameRange     '0.10.10',
22 silly addNameRange     '0.10.11',
22 silly addNameRange     '0.10.12',
22 silly addNameRange     '0.10.13',
22 silly addNameRange     '0.10.14',
22 silly addNameRange     '0.10.15',
22 silly addNameRange     '0.10.16',
22 silly addNameRange     '0.10.17',
22 silly addNameRange     '0.10.18',
22 silly addNameRange     '0.10.19',
22 silly addNameRange     '0.10.20',
22 silly addNameRange     '0.10.21',
22 silly addNameRange     '0.10.22',
22 silly addNameRange     '0.10.23',
22 silly addNameRange     '0.10.24',
22 silly addNameRange     '0.10.25',
22 silly addNameRange     '0.10.26',
22 silly addNameRange     '0.10.27',
22 silly addNameRange     '0.10.28',
22 silly addNameRange     '0.10.29',
22 silly addNameRange     '0.10.30',
22 silly addNameRange     '0.10.31',
22 silly addNameRange     '0.10.32',
22 silly addNameRange     '0.10.33',
22 silly addNameRange     '0.10.34',
22 silly addNameRange     '0.10.35',
22 silly addNameRange     '0.10.36',
22 silly addNameRange     '0.10.37',
22 silly addNameRange     '0.10.38',
22 silly addNameRange     '0.10.39',
22 silly addNameRange     '0.10.40',
22 silly addNameRange     '0.10.41',
22 silly addNameRange     '0.10.42',
22 silly addNameRange     '0.10.43',
22 silly addNameRange     '0.10.44',
22 silly addNameRange     '0.10.45',
22 silly addNameRange     '0.10.46',
22 silly addNameRange     '0.10.47',
22 silly addNameRange     '0.10.48',
22 silly addNameRange     '0.11.0',
22 silly addNameRange     '0.11.1',
22 silly addNameRange     '0.11.2',
22 silly addNameRange     '0.11.3',
22 silly addNameRange     '0.11.4',
22 silly addNameRange     '0.11.5',
22 silly addNameRange     '0.11.6',
22 silly addNameRange     '0.11.7',
22 silly addNameRange     '0.11.8',
22 silly addNameRange     '0.11.9',
22 silly addNameRange     '0.11.10',
22 silly addNameRange     '0.11.11',
22 silly addNameRange     '0.11.12',
22 silly addNameRange     '0.11.13',
22 silly addNameRange     '0.11.14',
22 silly addNameRange     '0.11.15',
22 silly addNameRange     '0.11.16',
22 silly addNameRange     '0.12.0',
22 silly addNameRange     '0.12.1',
22 silly addNameRange     '0.12.2',
22 silly addNameRange     '0.12.3',
22 silly addNameRange     '0.12.4',
22 silly addNameRange     '0.12.5',
22 silly addNameRange     '0.12.6',
22 silly addNameRange     '0.12.7',
22 silly addNameRange     '0.12.8',
22 silly addNameRange     '0.12.9',
22 silly addNameRange     '0.12.10',
22 silly addNameRange     '0.12.11',
22 silly addNameRange     '0.12.12',
22 silly addNameRange     '0.12.13',
22 silly addNameRange     '0.12.14',
22 silly addNameRange     '0.12.15',
22 silly addNameRange     '0.12.16',
22 silly addNameRange     '0.12.17',
22 silly addNameRange     '0.12.18',
22 silly addNameRange     '4.0.0',
22 silly addNameRange     '4.1.0',
22 silly addNameRange     '4.1.1',
22 silly addNameRange     '4.1.2',
22 silly addNameRange     '4.2.0',
22 silly addNameRange     '4.2.1',
22 silly addNameRange     '4.2.2',
22 silly addNameRange     '4.2.3',
22 silly addNameRange     '4.2.4',
22 silly addNameRange     '4.2.5',
22 silly addNameRange     '4.2.6',
22 silly addNameRange     '4.3.0',
22 silly addNameRange     '4.3.1',
22 silly addNameRange     '4.3.2',
22 silly addNameRange     '4.4.0',
22 silly addNameRange     '4.4.1',
22 silly addNameRange     '4.4.2',
22 silly addNameRange     '4.4.3',
22 silly addNameRange     '4.4.4',
22 silly addNameRange     '4.4.5',
22 silly addNameRange     '4.4.6',
22 silly addNameRange     '4.4.7',
22 silly addNameRange     '4.5.0',
22 silly addNameRange     '4.6.0',
22 silly addNameRange     '4.6.1',
22 silly addNameRange     '4.6.2',
22 silly addNameRange     '4.7.0',
22 silly addNameRange     '4.7.1',
22 silly addNameRange     '4.7.2',
22 silly addNameRange     '4.7.3',
22 silly addNameRange     '4.8.0',
22 silly addNameRange     '4.8.1',
22 silly addNameRange     '4.8.2',
22 silly addNameRange     '4.8.3',
22 silly addNameRange     '4.8.4',
22 silly addNameRange     '5.0.0',
22 silly addNameRange     '5.1.0',
22 silly addNameRange     '5.1.1',
22 silly addNameRange     '5.2.0',
22 silly addNameRange     '5.3.0',
22 silly addNameRange     '5.4.0',
22 silly addNameRange     '5.4.1',
22 silly addNameRange     '5.5.0',
22 silly addNameRange     '5.6.0',
22 silly addNameRange     '5.7.0',
22 silly addNameRange     '5.7.1',
22 silly addNameRange     '5.8.0',
22 silly addNameRange     '5.9.0',
22 silly addNameRange     '5.9.1',
22 silly addNameRange     '5.10.0',
22 silly addNameRange     '5.10.1',
22 silly addNameRange     '5.11.0',
22 silly addNameRange     '5.11.1',
22 silly addNameRange     '5.12.0',
22 silly addNameRange     '6.0.0',
22 silly addNameRange     '6.1.0',
22 silly addNameRange     '6.2.0',
22 silly addNameRange     '6.2.1',
22 silly addNameRange     '6.2.2',
22 silly addNameRange     '6.3.0',
22 silly addNameRange     '6.3.1',
22 silly addNameRange     '6.4.0',
22 silly addNameRange     '6.5.0',
22 silly addNameRange     '6.6.0',
22 silly addNameRange     '6.7.0',
22 silly addNameRange     '6.8.0',
22 silly addNameRange     '6.8.1',
22 silly addNameRange     '6.9.0',
22 silly addNameRange     '6.9.1',
22 silly addNameRange     '6.9.2',
22 silly addNameRange     '6.9.3',
22 silly addNameRange     '6.9.4',
22 silly addNameRange     '6.9.5',
22 silly addNameRange     '6.10.0',
22 silly addNameRange     '6.10.1',
22 silly addNameRange     '6.10.2',
22 silly addNameRange     '6.10.3',
22 silly addNameRange     '6.11.0',
22 silly addNameRange     '6.11.1',
22 silly addNameRange     '7.0.0',
22 silly addNameRange     '7.1.0',
22 silly addNameRange     '7.2.0',
22 silly addNameRange     '7.2.1',
22 silly addNameRange     '7.3.0',
22 silly addNameRange     '7.4.0',
22 silly addNameRange     '7.5.0',
22 silly addNameRange     '7.6.0',
22 silly addNameRange     '7.7.0',
22 silly addNameRange     '7.7.1',
22 silly addNameRange     '7.7.2',
22 silly addNameRange     '7.7.3',
22 silly addNameRange     '7.7.4',
22 silly addNameRange     '7.8.0',
22 silly addNameRange     '7.9.0',
22 silly addNameRange     '7.10.0',
22 silly addNameRange     '7.10.1',
22 silly addNameRange     '8.0.0',
22 silly addNameRange     '8.1.0',
22 silly addNameRange     '8.1.1',
22 silly addNameRange     '8.1.2',
22 silly addNameRange     '8.1.3',
22 silly addNameRange     '8.1.4',
22 silly addNameRange     '8.2.0',
22 silly addNameRange     '8.2.1',
22 silly addNameRange     '8.3.0' ] ]
23 silly addNamed node@8.3.0
24 verbose addNamed "8.3.0" is a plain semver version for node
25 silly cache afterAdd node@8.3.0
26 verbose afterAdd /Users/jacobflorian/.npm/node/8.3.0/package/package.json not in flight; writing
27 verbose afterAdd /Users/jacobflorian/.npm/node/8.3.0/package/package.json written
28 silly install resolved [ { name: 'node',
28 silly install resolved     version: '8.3.0',
28 silly install resolved     description: 'node',
28 silly install resolved     main: 'index.js',
28 silly install resolved     keywords: [ 'runtime' ],
28 silly install resolved     scripts: { preinstall: 'node installArchSpecificPackage' },
28 silly install resolved     bin: { node: 'bin/node' },
28 silly install resolved     dependencies: { 'node-bin-setup': '^1.0.0' },
28 silly install resolved     license: 'ISC',
28 silly install resolved     author: '',
28 silly install resolved     engines: { npm: '>=5.0.0' },
28 silly install resolved     _id: 'node@8.3.0',
28 silly install resolved     _npmVersion: '5.3.0',
28 silly install resolved     _nodeVersion: '8.2.1',
28 silly install resolved     _npmUser: { name: 'aredridel', email: 'aredridel@dinhe.net' },
28 silly install resolved     dist:
28 silly install resolved      { integrity: 'sha512-RU3iQgXeDBU45dv6BrfDrgTyUjJk1yorN64l0sce+E+2pZzFbRbBicPMBD/hWjo0GSMnA5a+RwFtWwHNDlojaw==',
28 silly install resolved        shasum: '478e84ffcc4be39938306ace1c4613c8231e5f44',
28 silly install resolved        tarball: 'https://registry.npmjs.org/node/-/node-8.3.0.tgz' },
28 silly install resolved     maintainers: [ [Object], [Object] ],
28 silly install resolved     _npmOperationalInternal:
28 silly install resolved      { host: 's3://npm-registry-packages',
28 silly install resolved        tmp: 'tmp/node-8.3.0.tgz_1502462775610_0.9039400962647051' },
28 silly install resolved     directories: {},
28 silly install resolved     _shasum: '478e84ffcc4be39938306ace1c4613c8231e5f44',
28 silly install resolved     _resolved: 'https://registry.npmjs.org/node/-/node-8.3.0.tgz',
28 silly install resolved     _from: 'node@*',
28 silly install resolved     readme: 'ERROR: No README data found!' } ]
29 info install node@8.3.0 into /Users/jacobflorian/Desktop/Isa
30 info installOne node@8.3.0
31 verbose installOne of node to /Users/jacobflorian/Desktop/Isa not in flight; installing
32 verbose lock using /Users/jacobflorian/.npm/_locks/node-3eaa4263e0fc815c.lock for /Users/jacobflorian/Desktop/Isa/node_modules/node
33 warn engine node@8.3.0: wanted: {"npm":">=5.0.0"} (current: {"node":"4.2.3","npm":"2.14.7"})
34 silly install write writing node 8.3.0 to /Users/jacobflorian/Desktop/Isa/node_modules/node
35 verbose unbuild node_modules/node
36 silly gentlyRm /Users/jacobflorian/Desktop/Isa/node_modules/node is being purged from base /Users/jacobflorian/Desktop/Isa
37 verbose gentlyRm don't care about contents; nuking /Users/jacobflorian/Desktop/Isa/node_modules/node
38 verbose tar unpack /Users/jacobflorian/.npm/node/8.3.0/package.tgz
39 verbose tar unpacking to /Users/jacobflorian/Desktop/Isa/node_modules/node
40 silly gentlyRm /Users/jacobflorian/Desktop/Isa/node_modules/node is being purged
41 verbose gentlyRm don't care about contents; nuking /Users/jacobflorian/Desktop/Isa/node_modules/node
42 silly gunzTarPerm modes [ '755', '644' ]
43 silly gunzTarPerm extractEntry package.json
44 silly gunzTarPerm extractEntry README.md
45 silly gunzTarPerm extractEntry installArchSpecificPackage.js
46 verbose write writing to /Users/jacobflorian/Desktop/Isa/node_modules/node/package.json
47 info preinstall node@8.3.0
48 warn cannot run in wd node@8.3.0 node installArchSpecificPackage (wd=/Users/jacobflorian/Desktop/Isa/node_modules/node)
49 verbose readDependencies loading dependencies from /Users/jacobflorian/Desktop/Isa/node_modules/node/package.json
50 silly prepareForInstallMany adding node-bin-setup@^1.0.0 from node dependencies
51 verbose readDependencies loading dependencies from /Users/jacobflorian/Desktop/Isa/node_modules/node/package.json
52 silly cache add args [ 'node-bin-setup@^1.0.0', null ]
53 verbose cache add spec node-bin-setup@^1.0.0
54 silly cache add parsed spec Result {
54 silly cache add   raw: 'node-bin-setup@^1.0.0',
54 silly cache add   scope: null,
54 silly cache add   name: 'node-bin-setup',
54 silly cache add   rawSpec: '^1.0.0',
54 silly cache add   spec: '>=1.0.0 <2.0.0',
54 silly cache add   type: 'range' }
55 silly addNamed node-bin-setup@>=1.0.0 <2.0.0
56 verbose addNamed ">=1.0.0 <2.0.0" is a valid semver range for node-bin-setup
57 silly addNameRange { name: 'node-bin-setup',
57 silly addNameRange   range: '>=1.0.0 <2.0.0',
57 silly addNameRange   hasData: false }
58 silly mapToRegistry name node-bin-setup
59 silly mapToRegistry using default registry
60 silly mapToRegistry registry https://registry.npmjs.org/
61 silly mapToRegistry uri https://registry.npmjs.org/node-bin-setup
62 verbose addNameRange registry:https://registry.npmjs.org/node-bin-setup not in flight; fetching
63 verbose request uri https://registry.npmjs.org/node-bin-setup
64 verbose request no auth needed
65 info attempt registry request try #1 at 5:31:49 PM
66 verbose request id 21806ee008b780ec
67 http request GET https://registry.npmjs.org/node-bin-setup
68 http 200 https://registry.npmjs.org/node-bin-setup
69 verbose headers { server: 'nginx/1.10.1',
69 verbose headers   'content-type': 'application/json',
69 verbose headers   'last-modified': 'Tue, 25 Jul 2017 03:32:58 GMT',
69 verbose headers   etag: 'W/"5976bbea-1511"',
69 verbose headers   'content-encoding': 'gzip',
69 verbose headers   'cache-control': 'max-age=300',
69 verbose headers   'content-length': '1464',
69 verbose headers   'accept-ranges': 'bytes',
69 verbose headers   date: 'Mon, 02 Oct 2017 20:30:57 GMT',
69 verbose headers   via: '1.1 varnish',
69 verbose headers   age: '0',
69 verbose headers   connection: 'keep-alive',
69 verbose headers   'x-served-by': 'cache-jfk8138-JFK',
69 verbose headers   'x-cache': 'MISS',
69 verbose headers   'x-cache-hits': '0',
69 verbose headers   'x-timer': 'S1506976257.145765,VS0,VE98',
69 verbose headers   vary: 'Accept-Encoding, Accept' }
70 silly get cb [ 200,
70 silly get   { server: 'nginx/1.10.1',
70 silly get     'content-type': 'application/json',
70 silly get     'last-modified': 'Tue, 25 Jul 2017 03:32:58 GMT',
70 silly get     etag: 'W/"5976bbea-1511"',
70 silly get     'content-encoding': 'gzip',
70 silly get     'cache-control': 'max-age=300',
70 silly get     'content-length': '1464',
70 silly get     'accept-ranges': 'bytes',
70 silly get     date: 'Mon, 02 Oct 2017 20:30:57 GMT',
70 silly get     via: '1.1 varnish',
70 silly get     age: '0',
70 silly get     connection: 'keep-alive',
70 silly get     'x-served-by': 'cache-jfk8138-JFK',
70 silly get     'x-cache': 'MISS',
70 silly get     'x-cache-hits': '0',
70 silly get     'x-timer': 'S1506976257.145765,VS0,VE98',
70 silly get     vary: 'Accept-Encoding, Accept' } ]
71 verbose get saving node-bin-setup to /Users/jacobflorian/.npm/registry.npmjs.org/node-bin-setup/.cache.json
72 silly addNameRange number 2 { name: 'node-bin-setup',
72 silly addNameRange   range: '>=1.0.0 <2.0.0',
72 silly addNameRange   hasData: true }
73 silly addNameRange versions [ 'node-bin-setup',
73 silly addNameRange   [ '1.0.0', '1.0.1', '1.0.2', '1.0.3', '1.0.4', '1.0.6' ] ]
74 silly addNamed node-bin-setup@1.0.6
75 verbose addNamed "1.0.6" is a plain semver version for node-bin-setup
76 silly mapToRegistry name node-bin-setup
77 silly mapToRegistry using default registry
78 silly mapToRegistry registry https://registry.npmjs.org/
79 silly mapToRegistry uri https://registry.npmjs.org/node-bin-setup
80 verbose addRemoteTarball https://registry.npmjs.org/node-bin-setup/-/node-bin-setup-1.0.6.tgz not in flight; adding
81 verbose addRemoteTarball [ 'https://registry.npmjs.org/node-bin-setup/-/node-bin-setup-1.0.6.tgz',
81 verbose addRemoteTarball   '4b5c9bb937ece702d7069b36ca78af4684677528' ]
82 info retry fetch attempt 1 at 5:31:49 PM
83 info attempt registry request try #1 at 5:31:49 PM
84 http fetch GET https://registry.npmjs.org/node-bin-setup/-/node-bin-setup-1.0.6.tgz
85 http fetch 200 https://registry.npmjs.org/node-bin-setup/-/node-bin-setup-1.0.6.tgz
86 silly fetchAndShaCheck shasum 4b5c9bb937ece702d7069b36ca78af4684677528
87 verbose addTmpTarball /tmp/npm-16725-ddb1d2c6/registry.npmjs.org/node-bin-setup/-/node-bin-setup-1.0.6.tgz not in flight; adding
88 verbose addTmpTarball already have metadata; skipping unpack for node-bin-setup@1.0.6
89 silly cache afterAdd node-bin-setup@1.0.6
90 verbose afterAdd /Users/jacobflorian/.npm/node-bin-setup/1.0.6/package/package.json not in flight; writing
91 verbose afterAdd /Users/jacobflorian/.npm/node-bin-setup/1.0.6/package/package.json written
92 silly install resolved [ { name: 'node-bin-setup',
92 silly install resolved     version: '1.0.6',
92 silly install resolved     description: '',
92 silly install resolved     main: 'index.js',
92 silly install resolved     author: { name: 'Aria Stewart', email: 'aredridel@dinhe.net' },
92 silly install resolved     license: 'ISC',
92 silly install resolved     gitHead: 'ad56be2b72108028fc058c07665035e34f25c0e9',
92 silly install resolved     _id: 'node-bin-setup@1.0.6',
92 silly install resolved     _npmVersion: '5.3.0',
92 silly install resolved     _nodeVersion: '8.2.0',
92 silly install resolved     _npmUser: { name: 'aredridel', email: 'aredridel@dinhe.net' },
92 silly install resolved     dist:
92 silly install resolved      { integrity: 'sha512-uPIxXNis1CRbv1DwqAxkgBk5NFV3s7cMN/Gf556jSw6jBvV7ca4F9lRL/8cALcZecRibeqU+5dFYqFFmzv5a0Q==',
92 silly install resolved        shasum: '4b5c9bb937ece702d7069b36ca78af4684677528',
92 silly install resolved        tarball: 'https://registry.npmjs.org/node-bin-setup/-/node-bin-setup-1.0.6.tgz' },
92 silly install resolved     maintainers: [ [Object] ],
92 silly install resolved     _npmOperationalInternal:
92 silly install resolved      { host: 's3://npm-registry-packages',
92 silly install resolved        tmp: 'tmp/node-bin-setup-1.0.6.tgz_1500953577141_0.3329963111318648' },
92 silly install resolved     directories: {},
92 silly install resolved     _shasum: '4b5c9bb937ece702d7069b36ca78af4684677528',
92 silly install resolved     _resolved: 'https://registry.npmjs.org/node-bin-setup/-/node-bin-setup-1.0.6.tgz',
92 silly install resolved     _from: 'node-bin-setup@>=1.0.0 <2.0.0' } ]
93 info install node-bin-setup@1.0.6 into /Users/jacobflorian/Desktop/Isa/node_modules/node
94 info installOne node-bin-setup@1.0.6
95 verbose installOne of node-bin-setup to /Users/jacobflorian/Desktop/Isa/node_modules/node not in flight; installing
96 verbose lock using /Users/jacobflorian/.npm/_locks/node-bin-setup-4fd13f113d84b507.lock for /Users/jacobflorian/Desktop/Isa/node_modules/node/node_modules/node-bin-setup
97 silly install write writing node-bin-setup 1.0.6 to /Users/jacobflorian/Desktop/Isa/node_modules/node/node_modules/node-bin-setup
98 verbose unbuild node_modules/node/node_modules/node-bin-setup
99 silly gentlyRm /Users/jacobflorian/Desktop/Isa/node_modules/node/node_modules/node-bin-setup is being purged from base /Users/jacobflorian/Desktop/Isa
100 verbose gentlyRm don't care about contents; nuking /Users/jacobflorian/Desktop/Isa/node_modules/node/node_modules/node-bin-setup
101 verbose tar unpack /Users/jacobflorian/.npm/node-bin-setup/1.0.6/package.tgz
102 verbose tar unpacking to /Users/jacobflorian/Desktop/Isa/node_modules/node/node_modules/node-bin-setup
103 silly gentlyRm /Users/jacobflorian/Desktop/Isa/node_modules/node/node_modules/node-bin-setup is being purged
104 verbose gentlyRm don't care about contents; nuking /Users/jacobflorian/Desktop/Isa/node_modules/node/node_modules/node-bin-setup
105 silly gunzTarPerm modes [ '755', '644' ]
106 silly gunzTarPerm extractEntry package.json
107 silly gunzTarPerm extractEntry index.js
108 verbose write writing to /Users/jacobflorian/Desktop/Isa/node_modules/node/node_modules/node-bin-setup/package.json
109 info preinstall node-bin-setup@1.0.6
110 verbose readDependencies loading dependencies from /Users/jacobflorian/Desktop/Isa/node_modules/node/node_modules/node-bin-setup/package.json
111 verbose readDependencies loading dependencies from /Users/jacobflorian/Desktop/Isa/node_modules/node/node_modules/node-bin-setup/package.json
112 silly install resolved []
113 verbose about to build /Users/jacobflorian/Desktop/Isa/node_modules/node/node_modules/node-bin-setup
114 info build /Users/jacobflorian/Desktop/Isa/node_modules/node/node_modules/node-bin-setup
115 info linkStuff node-bin-setup@1.0.6
116 silly linkStuff node-bin-setup@1.0.6 has /Users/jacobflorian/Desktop/Isa/node_modules/node/node_modules as its parent node_modules
117 verbose linkBins node-bin-setup@1.0.6
118 verbose linkMans node-bin-setup@1.0.6
119 verbose rebuildBundles node-bin-setup@1.0.6
120 info install node-bin-setup@1.0.6
121 info postinstall node-bin-setup@1.0.6
122 verbose unlock done using /Users/jacobflorian/.npm/_locks/node-bin-setup-4fd13f113d84b507.lock for /Users/jacobflorian/Desktop/Isa/node_modules/node/node_modules/node-bin-setup
123 verbose about to build /Users/jacobflorian/Desktop/Isa/node_modules/node
124 info build /Users/jacobflorian/Desktop/Isa/node_modules/node
125 info linkStuff node@8.3.0
126 silly linkStuff node@8.3.0 has /Users/jacobflorian/Desktop/Isa/node_modules as its parent node_modules
127 verbose linkBins node@8.3.0
128 verbose link bins [ { node: 'bin/node' },
128 verbose link bins   '/Users/jacobflorian/Desktop/Isa/node_modules/.bin',
128 verbose link bins   false ]
129 verbose linkMans node@8.3.0
130 verbose rebuildBundles node@8.3.0
131 verbose rebuildBundles [ 'node-bin-setup' ]
132 verbose unlock done using /Users/jacobflorian/.npm/_locks/node-3eaa4263e0fc815c.lock for /Users/jacobflorian/Desktop/Isa/node_modules/node
133 verbose stack Error: ENOENT: no such file or directory, chmod '/Users/jacobflorian/Desktop/Isa/node_modules/node/bin/node'
133 verbose stack     at Error (native)
134 verbose cwd /Users/jacobflorian/Desktop/Isa
135 error Darwin 15.6.0
136 error argv "/usr/local/bin/node" "/usr/local/bin/npm" "install" "node"
137 error node v4.2.3
138 error npm  v2.14.7
139 error path /Users/jacobflorian/Desktop/Isa/node_modules/node/bin/node
140 error code ENOENT
141 error errno -2
142 error syscall chmod
143 error enoent ENOENT: no such file or directory, chmod '/Users/jacobflorian/Desktop/Isa/node_modules/node/bin/node'
143 error enoent This is most likely not a problem with npm itself
143 error enoent and is related to npm not being able to find a file.
144 verbose exit [ -2, true ]
145 verbose unbuild node_modules/node
146 info preuninstall node@8.3.0
147 info uninstall node@8.3.0
148 verbose unbuild rmStuff node@8.3.0 from /Users/jacobflorian/Desktop/Isa/node_modules
149 silly gentlyRm /Users/jacobflorian/Desktop/Isa/node_modules/.bin/node is being gently removed
150 silly gentlyRm verifying /Users/jacobflorian/Desktop/Isa is an npm working directory
151 silly gentlyRm containing path /Users/jacobflorian/Desktop/Isa is under npm's control, in /Users/jacobflorian/Desktop/Isa
152 silly gentlyRm deletion target /Users/jacobflorian/Desktop/Isa/node_modules/.bin/node is under /Users/jacobflorian/Desktop/Isa
153 verbose gentlyRm vacuuming from /Users/jacobflorian/Desktop/Isa/node_modules/.bin/node up to /Users/jacobflorian/Desktop/Isa
154 info postuninstall node@8.3.0
155 silly gentlyRm /Users/jacobflorian/Desktop/Isa/node_modules/node is being purged from base /Users/jacobflorian/Desktop/Isa
156 verbose gentlyRm don't care about contents; nuking /Users/jacobflorian/Desktop/Isa/node_modules/node
157 silly vacuum-fs purging /Users/jacobflorian/Desktop/Isa/node_modules/node
158 silly vacuum-fs quitting because other entries in /Users/jacobflorian/Desktop/Isa/node_modules
